<?xml version="1.0" encoding="UTF-8"?>
<testng-results ignored="0" total="8" passed="8" failed="0" skipped="0">
  <reporter-output>
  </reporter-output>
  <suite started-at="2021-09-15T00:35:23 SAST" name="Default Suite" finished-at="2021-09-15T00:35:28 SAST" duration-ms="4371">
    <groups>
    </groups>
    <test started-at="2021-09-15T00:35:23 SAST" name="AssetManagement" finished-at="2021-09-15T00:35:28 SAST" duration-ms="4371">
      <class name="za.co.commandquality.NewTests.Testings">
        <test-method is-config="true" signature="setup()[pri:0, instance:za.co.commandquality.NewTests.Testings@5d740a0f]" started-at="2021-09-15T00:35:23 SAST" name="setup" finished-at="2021-09-15T00:35:27 SAST" duration-ms="3617" status="PASS">
          <reporter-output>
          </reporter-output>
        </test-method> <!-- setup -->
        <test-method signature="ResponseBodyTest()[pri:0, instance:za.co.commandquality.NewTests.Testings@5d740a0f]" started-at="2021-09-15T00:35:27 SAST" name="ResponseBodyTest" finished-at="2021-09-15T00:35:27 SAST" duration-ms="185" status="PASS">
          <reporter-output>
          </reporter-output>
        </test-method> <!-- ResponseBodyTest -->
        <test-method signature="SwaggerApiDocResponseStatusCodeTest()[pri:0, instance:za.co.commandquality.NewTests.Testings@5d740a0f]" started-at="2021-09-15T00:35:27 SAST" name="SwaggerApiDocResponseStatusCodeTest" finished-at="2021-09-15T00:35:27 SAST" duration-ms="160" status="PASS">
          <reporter-output>
          </reporter-output>
        </test-method> <!-- SwaggerApiDocResponseStatusCodeTest -->
        <test-method signature="Swagger_ui_response_test()[pri:0, instance:za.co.commandquality.NewTests.Testings@5d740a0f]" started-at="2021-09-15T00:35:27 SAST" name="Swagger_ui_response_test" finished-at="2021-09-15T00:35:28 SAST" duration-ms="50" status="PASS">
          <reporter-output>
          </reporter-output>
        </test-method> <!-- Swagger_ui_response_test -->
        <test-method signature="contextLoads()[pri:0, instance:za.co.commandquality.NewTests.Testings@5d740a0f]" started-at="2021-09-15T00:35:28 SAST" name="contextLoads" finished-at="2021-09-15T00:35:28 SAST" duration-ms="0" status="PASS">
          <reporter-output>
          </reporter-output>
        </test-method> <!-- contextLoads -->
        <test-method signature="getAllUserListTest()[pri:0, instance:za.co.commandquality.NewTests.Testings@5d740a0f]" started-at="2021-09-15T00:35:28 SAST" name="getAllUserListTest" finished-at="2021-09-15T00:35:28 SAST" duration-ms="152" status="PASS">
          <reporter-output>
          </reporter-output>
        </test-method> <!-- getAllUserListTest -->
        <test-method signature="getUserByIdTest()[pri:0, instance:za.co.commandquality.NewTests.Testings@5d740a0f]" started-at="2021-09-15T00:35:28 SAST" name="getUserByIdTest" finished-at="2021-09-15T00:35:28 SAST" duration-ms="110" status="PASS">
          <reporter-output>
          </reporter-output>
        </test-method> <!-- getUserByIdTest -->
        <test-method signature="statusCodeTest()[pri:0, instance:za.co.commandquality.NewTests.Testings@5d740a0f]" started-at="2021-09-15T00:35:28 SAST" name="statusCodeTest" finished-at="2021-09-15T00:35:28 SAST" duration-ms="8" status="PASS">
          <reporter-output>
          </reporter-output>
        </test-method> <!-- statusCodeTest -->
      </class> <!-- za.co.commandquality.NewTests.Testings -->
      <class name="za.co.commandquality.AssetManagement.RestControllerTest">
        <test-method is-config="true" signature="Setup()[pri:0, instance:za.co.commandquality.AssetManagement.RestControllerTest@691a7f8f]" started-at="2021-09-15T00:35:23 SAST" name="Setup" finished-at="2021-09-15T00:35:23 SAST" duration-ms="21" status="PASS">
          <reporter-output>
          </reporter-output>
        </test-method> <!-- Setup -->
        <test-method signature="ObjectsTests()[pri:2, instance:za.co.commandquality.AssetManagement.RestControllerTest@691a7f8f]" started-at="2021-09-15T00:35:28 SAST" name="ObjectsTests" finished-at="2021-09-15T00:35:28 SAST" duration-ms="1" status="PASS">
          <reporter-output>
          </reporter-output>
        </test-method> <!-- ObjectsTests -->
      </class> <!-- za.co.commandquality.AssetManagement.RestControllerTest -->
    </test> <!-- AssetManagement -->
  </suite> <!-- Default Suite -->
</testng-results>
